node:events:497
      throw er; // Unhandled 'error' event
      ^

Error: listen EADDRINUSE: address already in use :::5000
    at Server.setupListenHandle [as _listen2] (node:net:1940:16)
    at listenInCluster (node:net:1997:12)
    at Server.listen (node:net:2102:7)
    at Function.listen (C:\my projects\danaba\backend\node_modules\express\lib\application.js:635:24)
    at Object.<anonymous> (C:\my projects\danaba\backend\server.js:32:5)
    at Module._compile (node:internal/modules/cjs/loader:1706:14)
    at Object..js (node:internal/modules/cjs/loader:1839:10)
    at Module.load (node:internal/modules/cjs/loader:1441:32)
    at Function._load (node:internal/modules/cjs/loader:1263:12)
    at TracingChannel.traceSync (node:diagnostics_channel:322:14)
Emitted 'error' event on Server instance at:
    at emitErrorNT (node:net:1976:8)
    at process.processTicksAndRejections (node:internal/process/task_queues:90:21) {
  code: 'EADDRINUSE',
  errno: -4091,
  syscall: 'listen',
  address: '::',
  port: 5000
}

Node.js v22.20.0
node:events:497
      throw er; // Unhandled 'error' event
      ^

Error: listen EADDRINUSE: address already in use :::5000
    at Server.setupListenHandle [as _listen2] (node:net:1940:16)
    at listenInCluster (node:net:1997:12)
    at Server.listen (node:net:2102:7)
    at Function.listen (C:\my projects\danaba\backend\node_modules\express\lib\application.js:635:24)
    at Object.<anonymous> (C:\my projects\danaba\backend\server.js:32:5)
    at Module._compile (node:internal/modules/cjs/loader:1706:14)
    at Object..js (node:internal/modules/cjs/loader:1839:10)
    at Module.load (node:internal/modules/cjs/loader:1441:32)
    at Function._load (node:internal/modules/cjs/loader:1263:12)
    at TracingChannel.traceSync (node:diagnostics_channel:322:14)
Emitted 'error' event on Server instance at:
    at emitErrorNT (node:net:1976:8)
    at process.processTicksAndRejections (node:internal/process/task_queues:90:21) {
  code: 'EADDRINUSE',
  errno: -4091,
  syscall: 'listen',
  address: '::',
  port: 5000
}

Node.js v22.20.0
node:events:497
      throw er; // Unhandled 'error' event
      ^

Error: listen EADDRINUSE: address already in use :::5000
    at Server.setupListenHandle [as _listen2] (node:net:1940:16)
    at listenInCluster (node:net:1997:12)
    at Server.listen (node:net:2102:7)
    at Function.listen (C:\my projects\danaba\backend\node_modules\express\lib\application.js:635:24)
    at Object.<anonymous> (C:\my projects\danaba\backend\server.js:32:5)
    at Module._compile (node:internal/modules/cjs/loader:1706:14)
    at Object..js (node:internal/modules/cjs/loader:1839:10)
    at Module.load (node:internal/modules/cjs/loader:1441:32)
    at Function._load (node:internal/modules/cjs/loader:1263:12)
    at TracingChannel.traceSync (node:diagnostics_channel:322:14)
Emitted 'error' event on Server instance at:
    at emitErrorNT (node:net:1976:8)
    at process.processTicksAndRejections (node:internal/process/task_queues:90:21) {
  code: 'EADDRINUSE',
  errno: -4091,
  syscall: 'listen',
  address: '::',
  port: 5000
}

Node.js v22.20.0
C:\my projects\danaba\backend\node_modules\express\lib\router\route.js:216
        throw new Error(msg);
        ^

Error: Route.post() requires a callback function but got a [object Undefined]
    at Route.<computed> [as post] (C:\my projects\danaba\backend\node_modules\express\lib\router\route.js:216:15)
    at proto.<computed> [as post] (C:\my projects\danaba\backend\node_modules\express\lib\router\index.js:521:19)
    at Object.<anonymous> (C:\my projects\danaba\backend\routes\paymentRoutes.js:7:8)
    at Module._compile (node:internal/modules/cjs/loader:1706:14)
    at Object..js (node:internal/modules/cjs/loader:1839:10)
    at Module.load (node:internal/modules/cjs/loader:1441:32)
    at Function._load (node:internal/modules/cjs/loader:1263:12)
    at TracingChannel.traceSync (node:diagnostics_channel:322:14)
    at wrapModuleLoad (node:internal/modules/cjs/loader:237:24)
    at Module.require (node:internal/modules/cjs/loader:1463:12)

Node.js v22.20.0
node:internal/modules/cjs/loader:1386
  throw err;
  ^

Error: Cannot find module '../controllers/paymentController'
Require stack:
- C:\my projects\danaba\backend\routes\paymentRoutes.js
- C:\my projects\danaba\backend\server.js
    at Function._resolveFilename (node:internal/modules/cjs/loader:1383:15)
    at defaultResolveImpl (node:internal/modules/cjs/loader:1025:19)
    at resolveForCJSWithHooks (node:internal/modules/cjs/loader:1030:22)
    at Function._load (node:internal/modules/cjs/loader:1192:37)
    at TracingChannel.traceSync (node:diagnostics_channel:322:14)
    at wrapModuleLoad (node:internal/modules/cjs/loader:237:24)
    at Module.require (node:internal/modules/cjs/loader:1463:12)
    at require (node:internal/modules/helpers:147:16)
    at Object.<anonymous> (C:\my projects\danaba\backend\routes\paymentRoutes.js:3:77)
    at Module._compile (node:internal/modules/cjs/loader:1706:14) {
  code: 'MODULE_NOT_FOUND',
  requireStack: [
    'C:\\my projects\\danaba\\backend\\routes\\paymentRoutes.js',
    'C:\\my projects\\danaba\\backend\\server.js'
  ]
}

Node.js v22.20.0
node:events:497
      throw er; // Unhandled 'error' event
      ^

Error: listen EADDRINUSE: address already in use :::5000
    at Server.setupListenHandle [as _listen2] (node:net:1940:16)
    at listenInCluster (node:net:1997:12)
    at Server.listen (node:net:2102:7)
    at Function.listen (C:\my projects\danaba\backend\node_modules\express\lib\application.js:635:24)
    at Object.<anonymous> (C:\my projects\danaba\backend\server.js:99:5)
    at Module._compile (node:internal/modules/cjs/loader:1706:14)
    at Object..js (node:internal/modules/cjs/loader:1839:10)
    at Module.load (node:internal/modules/cjs/loader:1441:32)
    at Function._load (node:internal/modules/cjs/loader:1263:12)
    at TracingChannel.traceSync (node:diagnostics_channel:322:14)
Emitted 'error' event on Server instance at:
    at emitErrorNT (node:net:1976:8)
    at process.processTicksAndRejections (node:internal/process/task_queues:90:21) {
  code: 'EADDRINUSE',
  errno: -4091,
  syscall: 'listen',
  address: '::',
  port: 5000
}

Node.js v22.20.0
node:events:497
      throw er; // Unhandled 'error' event
      ^

Error: listen EADDRINUSE: address already in use :::5000
    at Server.setupListenHandle [as _listen2] (node:net:1940:16)
    at listenInCluster (node:net:1997:12)
    at Server.listen (node:net:2102:7)
    at Function.listen (C:\my projects\danaba\backend\node_modules\express\lib\application.js:635:24)
    at Object.<anonymous> (C:\my projects\danaba\backend\server.js:99:5)
    at Module._compile (node:internal/modules/cjs/loader:1706:14)
    at Object..js (node:internal/modules/cjs/loader:1839:10)
    at Module.load (node:internal/modules/cjs/loader:1441:32)
    at Function._load (node:internal/modules/cjs/loader:1263:12)
    at TracingChannel.traceSync (node:diagnostics_channel:322:14)
Emitted 'error' event on Server instance at:
    at emitErrorNT (node:net:1976:8)
    at process.processTicksAndRejections (node:internal/process/task_queues:90:21) {
  code: 'EADDRINUSE',
  errno: -4091,
  syscall: 'listen',
  address: '::',
  port: 5000
}

Node.js v22.20.0
node:events:497
      throw er; // Unhandled 'error' event
      ^

Error: listen EADDRINUSE: address already in use :::5000
    at Server.setupListenHandle [as _listen2] (node:net:1940:16)
    at listenInCluster (node:net:1997:12)
    at Server.listen (node:net:2102:7)
    at Function.listen (C:\my projects\danaba\backend\node_modules\express\lib\application.js:635:24)
    at Object.<anonymous> (C:\my projects\danaba\backend\server.js:99:5)
    at Module._compile (node:internal/modules/cjs/loader:1706:14)
    at Object..js (node:internal/modules/cjs/loader:1839:10)
    at Module.load (node:internal/modules/cjs/loader:1441:32)
    at Function._load (node:internal/modules/cjs/loader:1263:12)
    at TracingChannel.traceSync (node:diagnostics_channel:322:14)
Emitted 'error' event on Server instance at:
    at emitErrorNT (node:net:1976:8)
    at process.processTicksAndRejections (node:internal/process/task_queues:90:21) {
  code: 'EADDRINUSE',
  errno: -4091,
  syscall: 'listen',
  address: '::',
  port: 5000
}

Node.js v22.20.0
